<?xml version="1.0" encoding="UTF-8"?>
<!-- Generated by org.testng.reporters.JUnitReportReporter -->
<testsuite hostname="AkshayKumar" failures="0" tests="6" name="testNG.login" time="0.002" errors="0" timestamp="21 Nov 2024 04:03:30 GMT">
  <testcase classname="testNG.login" name="mobilelogin" time="0.000"/>
  <testcase classname="testNG.login" name="banklogin" time="0.000"/>
  <testcase classname="testNG.login" name="weblogin" time="0.001"/>
  <testcase classname="testNG.login" name="mobilelogin" time="0.000"/>
  <testcase classname="testNG.login" name="weblogin" time="0.001"/>
  <testcase classname="testNG.login" name="banklogin" time="0.000"/>
</testsuite> <!-- testNG.login -->
