<?xml version="1.0" encoding="UTF-8"?>
<!-- Generated by org.testng.reporters.JUnitReportReporter -->
<testsuite hostname="AkshayKumar" failures="0" tests="2" name="testNG.day1" time="0.007" errors="0" timestamp="18 Nov 2024 12:23:25 GMT">
  <testcase classname="testNG.day1" name="demo1" time="0.006"/>
  <testcase classname="testNG.day1" name="demo2" time="0.001"/>
</testsuite> <!-- testNG.day1 -->
