<?xml version="1.0" encoding="UTF-8"?>
<!-- Generated by org.testng.reporters.JUnitReportReporter -->
<testsuite hostname="AkshayKumar" failures="0" tests="1" name="Test.day1" time="0.006" errors="0" timestamp="18 Nov 2024 11:42:25 GMT">
  <testcase classname="Test.day1" name="demo1" time="0.006"/>
</testsuite> <!-- Test.day1 -->
