<?xml version="1.0" encoding="UTF-8"?>
<!-- Generated by org.testng.reporters.JUnitReportReporter -->
<testsuite hostname="AkshayKumar" failures="0" tests="4" name="testNG.creditAcc" time="0.010" errors="0" timestamp="21 Nov 2024 04:03:30 GMT">
  <testcase classname="testNG.creditAcc" name="emi" time="0.001"/>
  <testcase classname="testNG.creditAcc" name="crStatements" time="0.001"/>
  <testcase classname="testNG.creditAcc" name="crBalance" time="0.007"/>
  <testcase classname="testNG.creditAcc" name="crTransaction" time="0.001"/>
</testsuite> <!-- testNG.creditAcc -->
