<?xml version="1.0" encoding="UTF-8"?>
<!-- Generated by org.testng.reporters.JUnitReportReporter -->
<testsuite hostname="AkshayKumar" failures="0" tests="3" name="testNG.debitAcc" time="0.003" errors="0" timestamp="21 Nov 2024 04:03:30 GMT">
  <testcase classname="testNG.debitAcc" name="dbStatements" time="0.001"/>
  <testcase classname="testNG.debitAcc" name="dbBalance" time="0.001"/>
  <testcase classname="testNG.debitAcc" name="dbTransaction" time="0.001"/>
</testsuite> <!-- testNG.debitAcc -->
