<?xml version="1.0" encoding="UTF-8"?>
<!-- Generated by org.testng.reporters.JUnitReportReporter -->
<testsuite hostname="AkshayKumar" failures="0" tests="2" name="testNG.day2" time="0.002" errors="0" timestamp="18 Nov 2024 12:23:25 GMT">
  <testcase classname="testNG.day2" name="demo2" time="0.001"/>
  <testcase classname="testNG.day2" name="demo1" time="0.001"/>
</testsuite> <!-- testNG.day2 -->
